d:\iti\datastructure\version2\projectteammerge - 3 - copy - copy\debug\pt project.bsc
d:\iti\datastructure\version2\projectteammerge - 3 - copy - copy\debug\vc143.pdb
d:\iti\datastructure\version2\projectteammerge - 3 - copy - copy\debug\vc143.idb
d:\iti\datastructure\version2\projectteammerge - 3 - copy - copy\debug\main.sbr
d:\iti\datastructure\version2\projectteammerge - 3 - copy - copy\debug\actionaddhexagon.sbr
d:\iti\datastructure\version2\projectteammerge - 3 - copy - copy\debug\applicationmanager.sbr
d:\iti\datastructure\version2\projectteammerge - 3 - copy - copy\debug\gui.sbr
d:\iti\datastructure\version2\projectteammerge - 3 - copy - copy\debug\actionaddsquare.sbr
d:\iti\datastructure\version2\projectteammerge - 3 - copy - copy\debug\csquare.sbr
d:\iti\datastructure\version2\projectteammerge - 3 - copy - copy\debug\cfigure.sbr
d:\iti\datastructure\version2\projectteammerge - 3 - copy - copy\debug\colors.sbr
d:\iti\datastructure\version2\projectteammerge - 3 - copy - copy\debug\windowinput.sbr
d:\iti\datastructure\version2\projectteammerge - 3 - copy - copy\debug\mousequeue.sbr
d:\iti\datastructure\version2\projectteammerge - 3 - copy - copy\debug\keyqueue.sbr
d:\iti\datastructure\version2\projectteammerge - 3 - copy - copy\debug\image.sbr
d:\iti\datastructure\version2\projectteammerge - 3 - copy - copy\debug\cmugraphics.sbr
d:\iti\datastructure\version2\projectteammerge - 3 - copy - copy\debug\auxil.sbr
d:\iti\datastructure\version2\projectteammerge - 3 - copy - copy\debug\actionchngfigureclr.sbr
d:\iti\datastructure\version2\projectteammerge - 3 - copy - copy\debug\chexagon.sbr
d:\iti\datastructure\version2\projectteammerge - 3 - copy - copy\debug\cellipse.sbr
d:\iti\datastructure\version2\projectteammerge - 3 - copy - copy\debug\actionplaybyfilltype.sbr
d:\iti\datastructure\version2\projectteammerge - 3 - copy - copy\debug\actionswitchtoplay.sbr
d:\iti\datastructure\version2\projectteammerge - 3 - copy - copy\debug\actionswitchtodraw.sbr
d:\iti\datastructure\version2\projectteammerge - 3 - copy - copy\debug\actionswitchtodraw.obj
d:\iti\datastructure\version2\projectteammerge - 3 - copy - copy\debug\actionswitchtoplay.obj
d:\iti\datastructure\version2\projectteammerge - 3 - copy - copy\debug\actionplaybyfilltype.obj
d:\iti\datastructure\version2\projectteammerge - 3 - copy - copy\debug\cellipse.obj
d:\iti\datastructure\version2\projectteammerge - 3 - copy - copy\debug\chexagon.obj
d:\iti\datastructure\version2\projectteammerge - 3 - copy - copy\debug\actionchngfigureclr.obj
d:\iti\datastructure\version2\projectteammerge - 3 - copy - copy\debug\auxil.obj
d:\iti\datastructure\version2\projectteammerge - 3 - copy - copy\debug\cmugraphics.obj
d:\iti\datastructure\version2\projectteammerge - 3 - copy - copy\debug\image.obj
d:\iti\datastructure\version2\projectteammerge - 3 - copy - copy\debug\keyqueue.obj
d:\iti\datastructure\version2\projectteammerge - 3 - copy - copy\debug\mousequeue.obj
d:\iti\datastructure\version2\projectteammerge - 3 - copy - copy\debug\windowinput.obj
d:\iti\datastructure\version2\projectteammerge - 3 - copy - copy\debug\colors.obj
d:\iti\datastructure\version2\projectteammerge - 3 - copy - copy\debug\cfigure.obj
d:\iti\datastructure\version2\projectteammerge - 3 - copy - copy\debug\csquare.obj
d:\iti\datastructure\version2\projectteammerge - 3 - copy - copy\debug\actionaddsquare.obj
d:\iti\datastructure\version2\projectteammerge - 3 - copy - copy\debug\gui.obj
d:\iti\datastructure\version2\projectteammerge - 3 - copy - copy\debug\applicationmanager.obj
d:\iti\datastructure\version2\projectteammerge - 3 - copy - copy\debug\actionaddhexagon.obj
d:\iti\datastructure\version2\projectteammerge - 3 - copy - copy\debug\main.obj
d:\iti\datastructure\version2\projectteammerge - 3 - copy - copy\debug\actionsendtofront.sbr
d:\iti\datastructure\version2\projectteammerge - 3 - copy - copy\debug\actionsendtoback.sbr
d:\iti\datastructure\version2\projectteammerge - 3 - copy - copy\debug\actionselect.sbr
d:\iti\datastructure\version2\projectteammerge - 3 - copy - copy\debug\actionsave.sbr
d:\iti\datastructure\version2\projectteammerge - 3 - copy - copy\debug\actionresize.sbr
d:\iti\datastructure\version2\projectteammerge - 3 - copy - copy\debug\actionplaybytype.sbr
d:\iti\datastructure\version2\projectteammerge - 3 - copy - copy\debug\actionplaybyfill.sbr
d:\iti\datastructure\version2\projectteammerge - 3 - copy - copy\debug\actionload.sbr
d:\iti\datastructure\version2\projectteammerge - 3 - copy - copy\debug\actiondelete.sbr
d:\iti\datastructure\version2\projectteammerge - 3 - copy - copy\debug\actionchngfillclr.sbr
d:\iti\datastructure\version2\projectteammerge - 3 - copy - copy\debug\actionchngdrawclr.sbr
d:\iti\datastructure\version2\projectteammerge - 3 - copy - copy\debug\actionchngbgclr.sbr
d:\iti\datastructure\version2\projectteammerge - 3 - copy - copy\debug\actionaddellipse.sbr
d:\iti\datastructure\version2\projectteammerge - 3 - copy - copy\debug\actionaddellipse.obj
d:\iti\datastructure\version2\projectteammerge - 3 - copy - copy\debug\actionchngbgclr.obj
d:\iti\datastructure\version2\projectteammerge - 3 - copy - copy\debug\actionchngdrawclr.obj
d:\iti\datastructure\version2\projectteammerge - 3 - copy - copy\debug\actionchngfillclr.obj
d:\iti\datastructure\version2\projectteammerge - 3 - copy - copy\debug\actiondelete.obj
d:\iti\datastructure\version2\projectteammerge - 3 - copy - copy\debug\actionload.obj
d:\iti\datastructure\version2\projectteammerge - 3 - copy - copy\debug\actionplaybyfill.obj
d:\iti\datastructure\version2\projectteammerge - 3 - copy - copy\debug\actionplaybytype.obj
d:\iti\datastructure\version2\projectteammerge - 3 - copy - copy\debug\actionresize.obj
d:\iti\datastructure\version2\projectteammerge - 3 - copy - copy\debug\actionsave.obj
d:\iti\datastructure\version2\projectteammerge - 3 - copy - copy\debug\actionselect.obj
d:\iti\datastructure\version2\projectteammerge - 3 - copy - copy\debug\actionsendtoback.obj
d:\iti\datastructure\version2\projectteammerge - 3 - copy - copy\debug\actionsendtofront.obj
d:\iti\datastructure\version2\projectteammerge - 3 - copy - copy\debug\jutils.sbr
d:\iti\datastructure\version2\projectteammerge - 3 - copy - copy\debug\jquant2.sbr
d:\iti\datastructure\version2\projectteammerge - 3 - copy - copy\debug\jquant1.sbr
d:\iti\datastructure\version2\projectteammerge - 3 - copy - copy\debug\jmemnobs.sbr
d:\iti\datastructure\version2\projectteammerge - 3 - copy - copy\debug\jmemmgr.sbr
d:\iti\datastructure\version2\projectteammerge - 3 - copy - copy\debug\jidctred.sbr
d:\iti\datastructure\version2\projectteammerge - 3 - copy - copy\debug\jidctint.sbr
d:\iti\datastructure\version2\projectteammerge - 3 - copy - copy\debug\jidctfst.sbr
d:\iti\datastructure\version2\projectteammerge - 3 - copy - copy\debug\jidctflt.sbr
d:\iti\datastructure\version2\projectteammerge - 3 - copy - copy\debug\jerror.sbr
d:\iti\datastructure\version2\projectteammerge - 3 - copy - copy\debug\jdtrans.sbr
d:\iti\datastructure\version2\projectteammerge - 3 - copy - copy\debug\jdsample.sbr
d:\iti\datastructure\version2\projectteammerge - 3 - copy - copy\debug\jdpostct.sbr
d:\iti\datastructure\version2\projectteammerge - 3 - copy - copy\debug\jdphuff.sbr
d:\iti\datastructure\version2\projectteammerge - 3 - copy - copy\debug\jdmerge.sbr
d:\iti\datastructure\version2\projectteammerge - 3 - copy - copy\debug\jdmaster.sbr
d:\iti\datastructure\version2\projectteammerge - 3 - copy - copy\debug\jdmarker.sbr
d:\iti\datastructure\version2\projectteammerge - 3 - copy - copy\debug\jdmainct.sbr
d:\iti\datastructure\version2\projectteammerge - 3 - copy - copy\debug\jdinput.sbr
d:\iti\datastructure\version2\projectteammerge - 3 - copy - copy\debug\jdhuff.sbr
d:\iti\datastructure\version2\projectteammerge - 3 - copy - copy\debug\jdhuff.obj
d:\iti\datastructure\version2\projectteammerge - 3 - copy - copy\debug\jdinput.obj
d:\iti\datastructure\version2\projectteammerge - 3 - copy - copy\debug\jdmainct.obj
d:\iti\datastructure\version2\projectteammerge - 3 - copy - copy\debug\jdmarker.obj
d:\iti\datastructure\version2\projectteammerge - 3 - copy - copy\debug\jdmaster.obj
d:\iti\datastructure\version2\projectteammerge - 3 - copy - copy\debug\jdmerge.obj
d:\iti\datastructure\version2\projectteammerge - 3 - copy - copy\debug\jdphuff.obj
d:\iti\datastructure\version2\projectteammerge - 3 - copy - copy\debug\jdpostct.obj
d:\iti\datastructure\version2\projectteammerge - 3 - copy - copy\debug\jdsample.obj
d:\iti\datastructure\version2\projectteammerge - 3 - copy - copy\debug\jdtrans.obj
d:\iti\datastructure\version2\projectteammerge - 3 - copy - copy\debug\jerror.obj
d:\iti\datastructure\version2\projectteammerge - 3 - copy - copy\debug\jidctflt.obj
d:\iti\datastructure\version2\projectteammerge - 3 - copy - copy\debug\jidctfst.obj
d:\iti\datastructure\version2\projectteammerge - 3 - copy - copy\debug\jidctint.obj
d:\iti\datastructure\version2\projectteammerge - 3 - copy - copy\debug\jidctred.obj
d:\iti\datastructure\version2\projectteammerge - 3 - copy - copy\debug\jmemmgr.obj
d:\iti\datastructure\version2\projectteammerge - 3 - copy - copy\debug\jmemnobs.obj
d:\iti\datastructure\version2\projectteammerge - 3 - copy - copy\debug\jquant1.obj
d:\iti\datastructure\version2\projectteammerge - 3 - copy - copy\debug\jquant2.obj
d:\iti\datastructure\version2\projectteammerge - 3 - copy - copy\debug\jutils.obj
d:\iti\datastructure\version2\projectteammerge - 3 - copy - copy\debug\jddctmgr.sbr
d:\iti\datastructure\version2\projectteammerge - 3 - copy - copy\debug\jdcolor.sbr
d:\iti\datastructure\version2\projectteammerge - 3 - copy - copy\debug\jdcoefct.sbr
d:\iti\datastructure\version2\projectteammerge - 3 - copy - copy\debug\jdatasrc.sbr
d:\iti\datastructure\version2\projectteammerge - 3 - copy - copy\debug\jdapistd.sbr
d:\iti\datastructure\version2\projectteammerge - 3 - copy - copy\debug\jdapimin.sbr
d:\iti\datastructure\version2\projectteammerge - 3 - copy - copy\debug\jcparam.sbr
d:\iti\datastructure\version2\projectteammerge - 3 - copy - copy\debug\jcomapi.sbr
d:\iti\datastructure\version2\projectteammerge - 3 - copy - copy\debug\jpegload.sbr
d:\iti\datastructure\version2\projectteammerge - 3 - copy - copy\debug\jpegload.obj
d:\iti\datastructure\version2\projectteammerge - 3 - copy - copy\debug\jcomapi.obj
d:\iti\datastructure\version2\projectteammerge - 3 - copy - copy\debug\jcparam.obj
d:\iti\datastructure\version2\projectteammerge - 3 - copy - copy\debug\jdapimin.obj
d:\iti\datastructure\version2\projectteammerge - 3 - copy - copy\debug\jdapistd.obj
d:\iti\datastructure\version2\projectteammerge - 3 - copy - copy\debug\jdatasrc.obj
d:\iti\datastructure\version2\projectteammerge - 3 - copy - copy\debug\jdcoefct.obj
d:\iti\datastructure\version2\projectteammerge - 3 - copy - copy\debug\jdcolor.obj
d:\iti\datastructure\version2\projectteammerge - 3 - copy - copy\debug\jddctmgr.obj
d:\iti\datastructure\version2\projectteammerge - 3 - copy - copy\debug\actioncolorize.sbr
d:\iti\datastructure\version2\projectteammerge - 3 - copy - copy\debug\actioncolorize.obj
d:\iti\datastructure\version2\projectteammerge - 3 - copy - copy\debug\pt project.ilk
d:\iti\datastructure\version2\projectteammerge - 3 - copy - copy\debug\pt project.pdb
d:\iti\datastructure\version2\projectteammerge - 3 - copy - copy\debug\pt project.exe
d:\iti\datastructure\version2\projectteammerge - 3 - copy - copy\debug\pt project.tlog\bscmake.command.1.tlog
d:\iti\datastructure\version2\projectteammerge - 3 - copy - copy\debug\pt project.tlog\bscmake.read.1.tlog
d:\iti\datastructure\version2\projectteammerge - 3 - copy - copy\debug\pt project.tlog\bscmake.write.1.tlog
d:\iti\datastructure\version2\projectteammerge - 3 - copy - copy\debug\pt project.tlog\cl.command.1.tlog
d:\iti\datastructure\version2\projectteammerge - 3 - copy - copy\debug\pt project.tlog\cl.items.tlog
d:\iti\datastructure\version2\projectteammerge - 3 - copy - copy\debug\pt project.tlog\cl.read.1.tlog
d:\iti\datastructure\version2\projectteammerge - 3 - copy - copy\debug\pt project.tlog\cl.write.1.tlog
d:\iti\datastructure\version2\projectteammerge - 3 - copy - copy\debug\pt project.tlog\link.command.1.tlog
d:\iti\datastructure\version2\projectteammerge - 3 - copy - copy\debug\pt project.tlog\link.read.1.tlog
d:\iti\datastructure\version2\projectteammerge - 3 - copy - copy\debug\pt project.tlog\link.write.1.tlog
