cl : command line  warning D9035: option 'Gm' has been deprecated and will be removed in a future release
  CSquare.cpp
E:\DS Project\DS-Project-V01\Figures\CSquare.cpp(109,17): warning C4244: '=': conversion from 'float' to 'int', possible loss of data
  CFigure.cpp
  CHexagon.cpp
  ApplicationManager.cpp
  ActionLoad.cpp
  ActionDelete.cpp
  Generating Code...
  Skipping... (no relevant changes detected)
  main.cpp
  ActionPlayByFillType.cpp
  ActionAddSquare.cpp
  ActionSwitchToPlay.cpp
  ActionSwitchToDraw.cpp
  ActionSendToFront.cpp
  ActionSendToBack.cpp
  ActionSelect.cpp
  ActionSave.cpp
  ActionResize.cpp
  ActionPlayByType.cpp
  ActionPlayByFill.cpp
  ActionChngFillClr.cpp
  ActionChngFigureClr.cpp
  ActionChngDrawClr.cpp
  ActionChngBGClr.cpp
  ActionAddHexagon.cpp
  ActionAddEllipse.cpp
ActionAddEllipse.obj : warning LNK4075: ignoring '/EDITANDCONTINUE' due to '/SAFESEH' specification
  PT-Project.vcxproj -> E:\DS Project\DS-Project-V01\Debug\PT Project.exe
